<html>
<body>
<pre>
<h1>Vision Build Log</h1>
<h2>Tool Versions:</h2>
IDE-Version: μVision V5.18a
Copyright (C) 2016 ARM Ltd and ARM Germany GmbH. All rights reserved.
License Information: liang User, china, LIC=1WSCX-HSJAZ-49JG2-97B16-0EQBR-PDHXV
 
Tool Versions:
Toolchain:       MDK-ARM Professional  Version: 5.18a
Toolchain Path:  C:\Keil_v5\ARM\ARMCC\Bin
C Compiler:      Armcc.exe V5.06 update 1 (build 61)
Assembler:       Armasm.exe V5.06 update 1 (build 61)
Linker/Locator:  ArmLink.exe V5.06 update 1 (build 61)
Library Manager: ArmAr.exe V5.06 update 1 (build 61)
Hex Converter:   FromElf.exe V5.06 update 1 (build 61)
CPU DLL:         SARMCM3.DLL V5.18a
Dialog DLL:      DARMCM1.DLL V1.12.0.0
Target DLL:      Segger\JL2CM3.dll V2.99.19.0
Dialog DLL:      TARMCM1.DLL V1.9.0.0
 
<h2>Project:</h2>
E:\Desktop\桌面\答题器通信方式测试\51822 SDK_11.0.0 工程模板-使用自己copy的库\board\drl51822project.uvprojx
Project File Date:  09/14/2016

<h2>Output:</h2>
*** Using Compiler 'V5.06 update 1 (build 61)', folder: 'C:\Keil_v5\ARM\ARMCC\Bin'
Build target 'Target 1'
compiling nrf_esb.c...
..\components\properitary_rf\esb\nrf_esb.c(109): error:  #29: expected an expression
  static nrf_esb_address_t            m_esb_addr = 
RF_ESB_ADDR_DEFAULT;
..\components\properitary_rf\esb\nrf_esb.c(109): error:  #29: expected an expression
  static nrf_esb_address_t            m_esb_addr = 
RF_ESB_ADDR_DEFAULT;
..\components\properitary_rf\esb\nrf_esb.c(109): error:  #29: expected an expression
  static nrf_esb_address_t            m_esb_addr = 
RF_ESB_ADDR_DEFAULT;
..\components\properitary_rf\esb\nrf_esb.c(109): error:  #29: expected an expression
  static nrf_esb_address_t            m_esb_addr = 
RF_ESB_ADDR_DEFAULT;
..\components\properitary_rf\esb\nrf_esb.c(109): error:  #29: expected an expression
  static nrf_esb_address_t            m_esb_addr = 
RF_ESB_ADDR_DEFAULT;
..\components\properitary_rf\esb\nrf_esb.c(109): error:  #29: expected an expression
  static nrf_esb_address_t            m_esb_addr = 
RF_ESB_ADDR_DEFAULT;
..\components\properitary_rf\esb\nrf_esb.c(109): error:  #29: expected an expression
  static nrf_esb_address_t            m_esb_addr = 
RF_ESB_ADDR_DEFAULT;
..\components\properitary_rf\esb\nrf_esb.c(329): error:  #29: expected an expression
      for (int i = 0; i < NRF_ESB_TX_FIFO_SIZE; i++)
..\components\properitary_rf\esb\nrf_esb.c(334): error:  #29: expected an expression
      for (int i = 0; i < NRF_ESB_RX_FIFO_SIZE; i++)
..\components\properitary_rf\esb\nrf_esb.c: 0 warnings, 9 errors
".\Objects\drl51822project.axf" - 9 Error(s), 0 Warning(s).

<h2>Collection of Component include folders:</h2>
  E:\Desktop\桌面\答题器通信方式测试\51822 SDK_11.0.0 工程模板-使用自己copy的库\board\RTE
  C:\Keil_v5\ARM\PACK\NordicSemiconductor\nRF_DeviceFamilyPack\8.6.1\Device\Include

<h2>Collection of Component Files used:</h2>
Target not created.
Build Time Elapsed:  00:00:01
</pre>
</body>
</html>
